<?xml version="1.0" encoding="UTF-8"?>
<testsuite name="AppTest" tests="4" skipped="0" failures="0" errors="0" timestamp="2021-03-31T09:43:46" hostname="DESKTOP-HTHLUOJ" time="0.027">
  <properties/>
  <testcase name="subTest()" classname="AppTest" time="0.02"/>
  <testcase name="addTest()" classname="AppTest" time="0.001"/>
  <testcase name="mulTest()" classname="AppTest" time="0.001"/>
  <testcase name="divTest()" classname="AppTest" time="0.001"/>
  <system-out><![CDATA[]]></system-out>
  <system-err><![CDATA[]]></system-err>
</testsuite>
